<?xml version="1.0" encoding="UTF-8"?>
<!-- Generated by org.testng.reporters.JUnitReportReporter -->
<testsuite hostname="DESKTOP" failures="0" tests="1" name="simplilearn1.testing1.NewTest" time="0.007" errors="0" timestamp="2023-03-09T18:50:32 IST" skipped="0">
  <testcase classname="simplilearn1.testing1.NewTest" name="f" time="0.007"/>
  <system-out/>
</testsuite> <!-- simplilearn1.testing1.NewTest -->
