<?xml version="1.0" encoding="UTF-8"?>
<!-- Generated by org.testng.reporters.JUnitReportReporter -->
<testsuite hostname="DESKTOP" failures="0" tests="2" name="simplilearn1.testing1.FirstTest" time="7.731" errors="0" timestamp="2023-03-09T19:35:22 IST" skipped="0">
  <testcase classname="simplilearn1.testing1.FirstTest" name="test2" time="3.940"/>
  <system-out/>
  <testcase classname="simplilearn1.testing1.FirstTest" name="test1" time="3.791"/>
  <system-out/>
</testsuite> <!-- simplilearn1.testing1.FirstTest -->
