<?xml version="1.0" encoding="UTF-8"?>
<!-- Generated by org.testng.reporters.JUnitReportReporter -->
<testsuite hostname="DESKTOP" failures="0" tests="7" name="simplilearn1.testing1.FlightManagement" time="0.013" errors="0" timestamp="2023-03-09T21:21:11 IST" skipped="0">
  <testcase classname="simplilearn1.testing1.FlightManagement" name="signUp" time="0.008"/>
  <system-out/>
  <testcase classname="simplilearn1.testing1.FlightManagement" name="signIn" time="0.002"/>
  <system-out/>
  <testcase classname="simplilearn1.testing1.FlightManagement" name="searchForFlight" time="0.001"/>
  <system-out/>
  <testcase classname="simplilearn1.testing1.FlightManagement" name="bookTicket" time="0.001"/>
  <system-out/>
  <testcase classname="simplilearn1.testing1.FlightManagement" name="saveTicket" time="0.000"/>
  <system-out/>
  <testcase classname="simplilearn1.testing1.FlightManagement" name="payTicket" time="0.000"/>
  <system-out/>
  <testcase classname="simplilearn1.testing1.FlightManagement" name="logOut" time="0.001"/>
  <system-out/>
</testsuite> <!-- simplilearn1.testing1.FlightManagement -->
